[    0.000000] Linux version 4.15.0-65-generic (buildd@lgw01-amd64-006) (gcc version 7.4.0 (Ubuntu 7.4.0-1ubuntu1~18.04.1)) #74-Ubuntu SMP Tue Sep 17 17:06:04 UTC 2019 (Ubuntu 4.15.0-65.74-generic 4.15.18)
[    0.000000] Command line: BOOT_IMAGE=/boot/vmlinuz-4.15.0-65-generic root=LABEL=cloudimg-rootfs ro console=tty1 console=ttyS0
[    0.000000] KERNEL supported cpus:
[    0.000000]   Intel GenuineIntel
[    0.000000]   AMD AuthenticAMD
[    0.000000]   Centaur CentaurHauls
[    0.000000] x86/fpu: Supporting XSAVE feature 0x001: 'x87 floating point registers'
[    0.000000] x86/fpu: Supporting XSAVE feature 0x002: 'SSE registers'
[    0.000000] x86/fpu: Supporting XSAVE feature 0x004: 'AVX registers'
[    0.000000] x86/fpu: xstate_offset[2]:  576, xstate_sizes[2]:  256
[    0.000000] x86/fpu: Enabled xstate features 0x7, context size is 832 bytes, using 'standard' format.
[    0.000000] e820: BIOS-provided physical RAM map:
[    0.000000] BIOS-e820: [mem 0x0000000000000000-0x000000000009fbff] usable
[    0.000000] BIOS-e820: [mem 0x000000000009fc00-0x000000000009ffff] reserved
[    0.000000] BIOS-e820: [mem 0x00000000000f0000-0x00000000000fffff] reserved
[    0.000000] BIOS-e820: [mem 0x0000000000100000-0x000000003ffeffff] usable
[    0.000000] BIOS-e820: [mem 0x000000003fff0000-0x000000003fffffff] ACPI data
[    0.000000] BIOS-e820: [mem 0x00000000fec00000-0x00000000fec00fff] reserved
[    0.000000] BIOS-e820: [mem 0x00000000fee00000-0x00000000fee00fff] reserved
[    0.000000] BIOS-e820: [mem 0x00000000fffc0000-0x00000000ffffffff] reserved
[    0.000000] NX (Execute Disable) protection: active
[    0.000000] SMBIOS 2.5 present.
[    0.000000] DMI: innotek GmbH VirtualBox/VirtualBox, BIOS VirtualBox 12/01/2006
[    0.000000] Hypervisor detected: KVM
[    0.000000] e820: last_pfn = 0x3fff0 max_arch_pfn = 0x400000000
[    0.000000] MTRR: Disabled
[    0.000000] x86/PAT: MTRRs disabled, skipping PAT initialization too.
[    0.000000] CPU MTRRs all blank - virtualized system.
[    0.000000] x86/PAT: Configuration [0-7]: WB  WT  UC- UC  WB  WT  UC- UC  
[    0.000000] found SMP MP-table at [mem 0x0009fff0-0x0009ffff]
[    0.000000] Scanning 1 areas for low memory corruption
[    0.000000] RAMDISK: [mem 0x35a8b000-0x36d3cfff]
[    0.000000] ACPI: Early table checksum verification disabled
[    0.000000] ACPI: RSDP 0x00000000000E0000 000024 (v02 VBOX  )
[    0.000000] ACPI: XSDT 0x000000003FFF0030 00003C (v01 VBOX   VBOXXSDT 00000001 ASL  00000061)
[    0.000000] ACPI: FACP 0x000000003FFF00F0 0000F4 (v04 VBOX   VBOXFACP 00000001 ASL  00000061)
[    0.000000] ACPI: DSDT 0x000000003FFF0470 0022EA (v02 VBOX   VBOXBIOS 00000002 INTL 20100528)
[    0.000000] ACPI: FACS 0x000000003FFF0200 000040
[    0.000000] ACPI: FACS 0x000000003FFF0200 000040
[    0.000000] ACPI: APIC 0x000000003FFF0240 00005C (v02 VBOX   VBOXAPIC 00000001 ASL  00000061)
[    0.000000] ACPI: SSDT 0x000000003FFF02A0 0001CC (v01 VBOX   VBOXCPUT 00000002 INTL 20100528)
[    0.000000] No NUMA configuration found
[    0.000000] Faking a node at [mem 0x0000000000000000-0x000000003ffeffff]
[    0.000000] NODE_DATA(0) allocated [mem 0x3ffc5000-0x3ffeffff]
[    0.000000] kvm-clock: cpu 0, msr 0:3ff44001, primary cpu clock
[    0.000000] kvm-clock: Using msrs 4b564d01 and 4b564d00
[    0.000000] kvm-clock: using sched offset of 3960263731 cycles
[    0.000000] clocksource: kvm-clock: mask: 0xffffffffffffffff max_cycles: 0x1cd42e4dffb, max_idle_ns: 881590591483 ns
[    0.000000] Zone ranges:
[    0.000000]   DMA      [mem 0x0000000000001000-0x0000000000ffffff]
[    0.000000]   DMA32    [mem 0x0000000001000000-0x000000003ffeffff]
[    0.000000]   Normal   empty
[    0.000000]   Device   empty
[    0.000000] Movable zone start for each node
[    0.000000] Early memory node ranges
[    0.000000]   node   0: [mem 0x0000000000001000-0x000000000009efff]
[    0.000000]   node   0: [mem 0x0000000000100000-0x000000003ffeffff]
[    0.000000] Reserved but unavailable: 98 pages
[    0.000000] Initmem setup node 0 [mem 0x0000000000001000-0x000000003ffeffff]
[    0.000000] ACPI: PM-Timer IO Port: 0x4008
[    0.000000] IOAPIC[0]: apic_id 2, version 32, address 0xfec00000, GSI 0-23
[    0.000000] ACPI: INT_SRC_OVR (bus 0 bus_irq 0 global_irq 2 dfl dfl)
[    0.000000] ACPI: INT_SRC_OVR (bus 0 bus_irq 9 global_irq 9 low level)
[    0.000000] Using ACPI (MADT) for SMP configuration information
[    0.000000] smpboot: Allowing 2 CPUs, 0 hotplug CPUs
[    0.000000] PM: Registered nosave memory: [mem 0x00000000-0x00000fff]
[    0.000000] PM: Registered nosave memory: [mem 0x0009f000-0x0009ffff]
[    0.000000] PM: Registered nosave memory: [mem 0x000a0000-0x000effff]
[    0.000000] PM: Registered nosave memory: [mem 0x000f0000-0x000fffff]
[    0.000000] e820: [mem 0x40000000-0xfebfffff] available for PCI devices
[    0.000000] Booting paravirtualized kernel on KVM
[    0.000000] clocksource: refined-jiffies: mask: 0xffffffff max_cycles: 0xffffffff, max_idle_ns: 7645519600211568 ns
[    0.000000] random: get_random_bytes called from start_kernel+0x99/0x4fd with crng_init=0
[    0.000000] setup_percpu: NR_CPUS:8192 nr_cpumask_bits:2 nr_cpu_ids:2 nr_node_ids:1
[    0.000000] percpu: Embedded 46 pages/cpu s151552 r8192 d28672 u1048576
[    0.000000] PV qspinlock hash table entries: 256 (order: 0, 4096 bytes)
[    0.000000] Built 1 zonelists, mobility grouping on.  Total pages: 257913
[    0.000000] Policy zone: DMA32
[    0.000000] Kernel command line: BOOT_IMAGE=/boot/vmlinuz-4.15.0-65-generic root=LABEL=cloudimg-rootfs ro console=tty1 console=ttyS0
[    0.000000] Memory: 983436K/1048120K available (12300K kernel code, 2481K rwdata, 4256K rodata, 2436K init, 2388K bss, 64684K reserved, 0K cma-reserved)
[    0.000000] SLUB: HWalign=64, Order=0-3, MinObjects=0, CPUs=2, Nodes=1
[    0.000000] Kernel/User page tables isolation: enabled
[    0.000000] ftrace: allocating 39301 entries in 154 pages
[    0.004000] Hierarchical RCU implementation.
[    0.004000] 	RCU restricting CPUs from NR_CPUS=8192 to nr_cpu_ids=2.
[    0.004000] 	Tasks RCU enabled.
[    0.004000] RCU: Adjusting geometry for rcu_fanout_leaf=16, nr_cpu_ids=2
[    0.004000] NR_IRQS: 524544, nr_irqs: 440, preallocated irqs: 16
[    0.004000] Console: colour VGA+ 80x25
[    0.004000] console [tty1] enabled
[    0.004000] console [ttyS0] enabled
[    0.004000] ACPI: Core revision 20170831
[    0.004000] ACPI: 2 ACPI AML tables successfully acquired and loaded
[    0.004000] APIC: Switch to symmetric I/O mode setup
[    0.004000] x2apic enabled
[    0.004000] Switched APIC routing to physical x2apic.
[    0.005397] ..TIMER: vector=0x30 apic1=0 pin1=2 apic2=-1 pin2=-1
[    0.008007] tsc: Detected 2591.996 MHz processor
[    0.012013] Calibrating delay loop (skipped) preset value.. 5183.99 BogoMIPS (lpj=10367984)
[    0.014266] pid_max: default: 32768 minimum: 301
[    0.016042] Security Framework initialized
[    0.017099] Yama: becoming mindful.
[    0.017993] AppArmor: AppArmor initialized
[    0.020062] Dentry cache hash table entries: 131072 (order: 8, 1048576 bytes)
[    0.024089] Inode-cache hash table entries: 65536 (order: 7, 524288 bytes)
[    0.026362] Mount-cache hash table entries: 2048 (order: 2, 16384 bytes)
[    0.028008] Mountpoint-cache hash table entries: 2048 (order: 2, 16384 bytes)
[    0.029887] Last level iTLB entries: 4KB 64, 2MB 8, 4MB 8
[    0.031092] Last level dTLB entries: 4KB 64, 2MB 0, 4MB 0, 1GB 4
[    0.032003] Spectre V1 : Mitigation: usercopy/swapgs barriers and __user pointer sanitization
[    0.033946] Spectre V2 : Mitigation: Full generic retpoline
[    0.036002] Spectre V2 : Spectre v2 / SpectreRSB mitigation: Filling RSB on context switch
[    0.038860] Speculative Store Bypass: Vulnerable
[    0.040051] MDS: Vulnerable: Clear CPU buffers attempted, no microcode
[    0.041847] Freeing SMP alternatives memory: 36K
[    0.154259] smpboot: CPU0: Intel(R) Core(TM) i7-6500U CPU @ 2.50GHz (family: 0x6, model: 0x4e, stepping: 0x3)
[    0.156000] Performance Events: unsupported p6 CPU model 78 no PMU driver, software events only.
[    0.156036] Hierarchical SRCU implementation.
[    0.157726] NMI watchdog: Perf event create on CPU 0 failed with -2
[    0.160003] NMI watchdog: Perf NMI watchdog permanently disabled
[    0.161501] smp: Bringing up secondary CPUs ...
[    0.162767] x86: Booting SMP configuration:
[    0.164003] .... node  #0, CPUs:      #1
[    0.004000] kvm-clock: cpu 1, msr 0:3ff44041, secondary cpu clock
[    0.168028] smp: Brought up 1 node, 2 CPUs
[    0.169314] smpboot: Max logical packages: 1
[    0.170373] smpboot: Total of 2 processors activated (10367.98 BogoMIPS)
[    0.172147] devtmpfs: initialized
[    0.172911] x86/mm: Memory block size: 128MB
[    0.176200] evm: security.selinux
[    0.177304] evm: security.SMACK64
[    0.178387] evm: security.SMACK64EXEC
[    0.179332] evm: security.SMACK64TRANSMUTE
[    0.180009] evm: security.SMACK64MMAP
[    0.181154] evm: security.apparmor
[    0.182345] evm: security.ima
[    0.184003] evm: security.capability
[    0.185016] clocksource: jiffies: mask: 0xffffffff max_cycles: 0xffffffff, max_idle_ns: 7645041785100000 ns
[    0.188014] futex hash table entries: 512 (order: 3, 32768 bytes)
[    0.192012] pinctrl core: initialized pinctrl subsystem
[    0.194279] RTC time:  0:13:18, date: 10/29/19
[    0.196662] NET: Registered protocol family 16
[    0.200272] audit: initializing netlink subsys (disabled)
[    0.201629] audit: type=2000 audit(1572308004.120:1): state=initialized audit_enabled=0 res=1
[    0.204018] cpuidle: using governor ladder
[    0.205088] cpuidle: using governor menu
[    0.206174] ACPI: bus type PCI registered
[    0.207221] acpiphp: ACPI Hot Plug PCI Controller Driver version: 0.5
[    0.208144] PCI: Using configuration type 1 for base access
[    0.213269] HugeTLB registered 2.00 MiB page size, pre-allocated 0 pages
[    0.216032] ACPI: Added _OSI(Module Device)
[    0.217103] ACPI: Added _OSI(Processor Device)
[    0.218226] ACPI: Added _OSI(3.0 _SCP Extensions)
[    0.219340] ACPI: Added _OSI(Processor Aggregator Device)
[    0.220004] ACPI: Added _OSI(Linux-Dell-Video)
[    0.221268] ACPI: Added _OSI(Linux-Lenovo-NV-HDMI-Audio)
[    0.223018] ACPI: Added _OSI(Linux-HPI-Hybrid-Graphics)
[    0.224362] ACPI: Executed 1 blocks of module-level executable AML code
[    0.231085] ACPI: Interpreter enabled
[    0.232014] ACPI: (supports S0 S5)
[    0.232983] ACPI: Using IOAPIC for interrupt routing
[    0.234808] PCI: Using host bridge windows from ACPI; if necessary, use "pci=nocrs" and report a bug
[    0.236327] ACPI: Enabled 2 GPEs in block 00 to 07
[    0.248236] ACPI: PCI Root Bridge [PCI0] (domain 0000 [bus 00-ff])
[    0.250162] acpi PNP0A03:00: _OSC: OS supports [ASPM ClockPM Segments MSI]
[    0.252353] acpi PNP0A03:00: _OSC: not requesting OS control; OS requires [ExtendedConfig ASPM ClockPM MSI]
[    0.254732] acpi PNP0A03:00: fail to add MMCONFIG information, can't access extended PCI configuration space under this bridge.
[    0.256453] PCI host bridge to bus 0000:00
[    0.257541] pci_bus 0000:00: root bus resource [io  0x0000-0x0cf7 window]
[    0.260005] pci_bus 0000:00: root bus resource [io  0x0d00-0xffff window]
[    0.264020] pci_bus 0000:00: root bus resource [mem 0x000a0000-0x000bffff window]
[    0.266027] pci_bus 0000:00: root bus resource [mem 0x40000000-0xfdffffff window]
[    0.268000] pci_bus 0000:00: root bus resource [bus 00-ff]
[    0.272668] pci 0000:00:01.1: legacy IDE quirk: reg 0x10: [io  0x01f0-0x01f7]
[    0.274439] pci 0000:00:01.1: legacy IDE quirk: reg 0x14: [io  0x03f6]
[    0.275967] pci 0000:00:01.1: legacy IDE quirk: reg 0x18: [io  0x0170-0x0177]
[    0.276004] pci 0000:00:01.1: legacy IDE quirk: reg 0x1c: [io  0x0376]
[    0.303215] pci 0000:00:07.0: quirk: [io  0x4000-0x403f] claimed by PIIX4 ACPI
[    0.304022] pci 0000:00:07.0: quirk: [io  0x4100-0x410f] claimed by PIIX4 SMB
[    0.317621] ACPI: PCI Interrupt Link [LNKA] (IRQs 5 9 10 *11)
[    0.319826] ACPI: PCI Interrupt Link [LNKB] (IRQs 5 9 *10 11)
[    0.320154] ACPI: PCI Interrupt Link [LNKC] (IRQs 5 *9 10 11)
[    0.321703] ACPI: PCI Interrupt Link [LNKD] (IRQs 5 9 10 *11)
[    0.324507] SCSI subsystem initialized
[    0.325545] pci 0000:00:02.0: vgaarb: setting as boot VGA device
[    0.325706] pci 0000:00:02.0: vgaarb: VGA device added: decodes=io+mem,owns=io+mem,locks=none
[    0.328014] pci 0000:00:02.0: vgaarb: bridge control possible
[    0.332011] vgaarb: loaded
[    0.333070] ACPI: bus type USB registered
[    0.334599] usbcore: registered new interface driver usbfs
[    0.336000] usbcore: registered new interface driver hub
[    0.336024] usbcore: registered new device driver usb
[    0.337359] EDAC MC: Ver: 3.0.0
[    0.340191] PCI: Using ACPI for IRQ routing
[    0.341476] NetLabel: Initializing
[    0.342367] NetLabel:  domain hash size = 128
[    0.343417] NetLabel:  protocols = UNLABELED CIPSOv4 CALIPSO
[    0.344021] NetLabel:  unlabeled traffic allowed by default
[    0.345758] clocksource: Switched to clocksource kvm-clock
[    0.366687] VFS: Disk quotas dquot_6.6.0
[    0.367779] VFS: Dquot-cache hash table entries: 512 (order 0, 4096 bytes)
[    0.369984] AppArmor: AppArmor Filesystem Enabled
[    0.371720] pnp: PnP ACPI init
[    0.374081] pnp: PnP ACPI: found 3 devices
[    0.386314] clocksource: acpi_pm: mask: 0xffffff max_cycles: 0xffffff, max_idle_ns: 2085701024 ns
[    0.388946] NET: Registered protocol family 2
[    0.390680] TCP established hash table entries: 8192 (order: 4, 65536 bytes)
[    0.393156] TCP bind hash table entries: 8192 (order: 5, 131072 bytes)
[    0.397122] TCP: Hash tables configured (established 8192 bind 8192)
[    0.401402] UDP hash table entries: 512 (order: 2, 16384 bytes)
[    0.403434] UDP-Lite hash table entries: 512 (order: 2, 16384 bytes)
[    0.405688] NET: Registered protocol family 1
[    0.407420] pci 0000:00:00.0: Limiting direct PCI/PCI transfers
[    0.409639] pci 0000:00:01.0: Activating ISA DMA hang workarounds
[    0.411866] pci 0000:00:02.0: Video device with shadowed ROM at [mem 0x000c0000-0x000dffff]
[    0.414920] Unpacking initramfs...
[    0.820925] Freeing initrd memory: 19144K
[    0.822051] clocksource: tsc: mask: 0xffffffffffffffff max_cycles: 0x255cb30caa3, max_idle_ns: 440795217292 ns
[    0.824341] platform rtc_cmos: registered platform RTC device (no PNP device found)
[    0.826593] Scanning for low memory corruption every 60 seconds
[    0.829180] Initialise system trusted keyrings
[    0.830338] Key type blacklist registered
[    0.831569] workingset: timestamp_bits=36 max_order=18 bucket_order=0
[    0.835551] zbud: loaded
[    0.837066] squashfs: version 4.0 (2009/01/31) Phillip Lougher
[    0.838982] fuse init (API version 7.26)
[    0.846110] Key type asymmetric registered
[    0.847732] Asymmetric key parser 'x509' registered
[    0.849198] Block layer SCSI generic (bsg) driver version 0.4 loaded (major 246)
[    0.851349] io scheduler noop registered
[    0.852521] io scheduler deadline registered
[    0.853675] io scheduler cfq registered (default)
[    0.855288] ACPI: AC Adapter [AC] (on-line)
[    0.856349] input: Power Button as /devices/LNXSYSTM:00/LNXPWRBN:00/input/input0
[    0.858462] ACPI: Power Button [PWRF]
[    0.859981] input: Sleep Button as /devices/LNXSYSTM:00/LNXSLPBN:00/input/input1
[    0.862698] ACPI: Sleep Button [SLPF]
[    0.865131] ACPI: Battery Slot [BAT0] (battery present)
[    0.866461] Serial: 8250/16550 driver, 32 ports, IRQ sharing enabled
[    0.889198] 00:02: ttyS0 at I/O 0x3f8 (irq = 4, base_baud = 115200) is a 16550A
[    0.898437] Linux agpgart interface v0.103
[    0.902735] loop: module loaded
[    0.904800] scsi host0: ata_piix
[    0.906021] scsi host1: ata_piix
[    0.906965] ata1: PATA max UDMA/33 cmd 0x1f0 ctl 0x3f6 bmdma 0xd000 irq 14
[    0.908727] ata2: PATA max UDMA/33 cmd 0x170 ctl 0x376 bmdma 0xd008 irq 15
[    0.911044] libphy: Fixed MDIO Bus: probed
[    0.912287] tun: Universal TUN/TAP device driver, 1.6
[    0.913937] PPP generic driver version 2.4.2
[    0.915946] ehci_hcd: USB 2.0 'Enhanced' Host Controller (EHCI) Driver
[    0.918032] ehci-pci: EHCI PCI platform driver
[    0.919171] ehci-platform: EHCI generic platform driver
[    0.920703] ohci_hcd: USB 1.1 'Open' Host Controller (OHCI) Driver
[    0.922271] ohci-pci: OHCI PCI platform driver
[    0.923452] ohci-platform: OHCI generic platform driver
[    0.924852] uhci_hcd: USB Universal Host Controller Interface driver
[    0.926540] i8042: PNP: PS/2 Controller [PNP0303:PS2K,PNP0f03:PS2M] at 0x60,0x64 irq 1,12
[    0.930299] serio: i8042 KBD port at 0x60,0x64 irq 1
[    0.931679] serio: i8042 AUX port at 0x60,0x64 irq 12
[    0.933148] mousedev: PS/2 mouse device common for all mice
[    0.935275] input: AT Translated Set 2 keyboard as /devices/platform/i8042/serio0/input/input2
[    0.936119] rtc_cmos rtc_cmos: rtc core: registered rtc_cmos as rtc0
[    0.939502] rtc_cmos rtc_cmos: alarms up to one day, 114 bytes nvram
[    0.941356] i2c /dev entries driver
[    0.942967] device-mapper: uevent: version 1.0.3
[    0.944823] device-mapper: ioctl: 4.37.0-ioctl (2017-09-20) initialised: dm-devel@redhat.com
[    0.947008] ledtrig-cpu: registered to indicate activity on CPUs
[    0.949174] NET: Registered protocol family 10
[    0.954185] Segment Routing with IPv6
[    0.955217] NET: Registered protocol family 17
[    0.956802] Key type dns_resolver registered
[    0.958472] mce: Using 0 MCE banks
[    0.959536] RAS: Correctable Errors collector initialized.
[    0.960883] sched_clock: Marking stable (960860001, 0)->(1207522827, -246662826)
[    0.963141] registered taskstats version 1
[    0.964215] Loading compiled-in X.509 certificates
[    0.968216] Loaded X.509 cert 'Build time autogenerated kernel key: 3a65b6a3c8b5d6b297d77c25be9161529933bc49'
[    0.971291] zswap: loaded using pool lzo/zbud
[    0.978580] Key type big_key registered
[    0.979585] Key type trusted registered
[    0.982850] Key type encrypted registered
[    0.984272] AppArmor: AppArmor sha1 policy hashing enabled
[    0.985950] ima: No TPM chip found, activating TPM-bypass! (rc=-19)
[    0.987413] ima: Allocated hash algorithm: sha1
[    0.988619] evm: HMAC attrs: 0x1
[    0.989776]   Magic number: 7:369:204
[    0.990858] rtc_cmos rtc_cmos: setting system clock to 2019-10-29 00:13:19 UTC (1572307999)
[    0.993109] BIOS EDD facility v0.16 2004-Jun-25, 0 devices found
[    0.994513] EDD information not available.
[    1.077586] Freeing unused kernel image memory: 2436K
[    1.092178] Write protecting the kernel read-only data: 20480k
[    1.099211] Freeing unused kernel image memory: 2008K
[    1.103454] Freeing unused kernel image memory: 1888K
[    1.136314] x86/mm: Checked W+X mappings: passed, no W+X pages found.
[    1.138623] x86/mm: Checking user space page tables
[    1.156224] x86/mm: Checked W+X mappings: passed, no W+X pages found.
Loading, please wait...
starting version 237
[    1.251596] e1000: Intel(R) PRO/1000 Network Driver - version 7.3.21-k8-NAPI
[    1.253490] e1000: Copyright (c) 1999-2006 Intel Corporation.
[    1.260002] Fusion MPT base driver 3.04.20
[    1.262902] Copyright (c) 1999-2008 LSI Corporation
[    1.292735] AVX2 version of gcm_enc/dec engaged.
[    1.294002] AES CTR mode by8 optimization enabled
[    1.320834] Fusion MPT SPI Host driver 3.04.20
[    1.520584] input: ImExPS/2 Generic Explorer Mouse as /devices/platform/i8042/serio1/input/input4
[    1.754799] e1000 0000:00:03.0 eth0: (PCI:33MHz:32-bit) 02:82:7a:7b:51:94
[    1.757070] e1000 0000:00:03.0 eth0: Intel(R) PRO/1000 Network Connection
[    1.761257] mptbase: ioc0: Initiating bringup
[    1.763675] e1000 0000:00:03.0 enp0s3: renamed from eth0
[    2.726005] ioc0: LSI53C1030 A0: Capabilities={Initiator}
[    3.821670] scsi host2: ioc0: LSI53C1030 A0, FwRev=00000000h, Ports=1, MaxQ=256, IRQ=20
[    4.241759] scsi 2:0:0:0: Direct-Access     VBOX     HARDDISK         1.0  PQ: 0 ANSI: 5
[    4.292652] scsi target2:0:0: Beginning Domain Validation
[    4.302354] scsi target2:0:0: Domain Validation skipping write tests
[    4.309122] scsi target2:0:0: Ending Domain Validation
[    4.312902] scsi target2:0:0: asynchronous
[    4.316223] scsi 2:0:1:0: Direct-Access     VBOX     HARDDISK         1.0  PQ: 0 ANSI: 5
[    4.833246] scsi target2:0:1: Beginning Domain Validation
[    4.841569] random: fast init done
[    4.845889] scsi target2:0:1: Domain Validation skipping write tests
[    4.851616] scsi target2:0:1: Ending Domain Validation
[    4.856349] scsi target2:0:1: asynchronous
[    4.873912] random: systemd-udevd: uninitialized urandom read (16 bytes read)
[    4.878820] random: systemd-udevd: uninitialized urandom read (16 bytes read)
[    4.878946] sd 2:0:0:0: Attached scsi generic sg0 type 0
[    4.883303] random: systemd-udevd: uninitialized urandom read (16 bytes read)
[    4.889132] sd 2:0:0:0: [sda] 20971520 512-byte logical blocks: (10.7 GB/10.0 GiB)
[    4.892256] sd 2:0:1:0: Attached scsi generic sg1 type 0
[    4.892348] sd 2:0:0:0: [sda] Write Protect is off
[    4.897204] sd 2:0:1:0: [sdb] 20480 512-byte logical blocks: (10.5 MB/10.0 MiB)
[    4.900097] sd 2:0:0:0: [sda] Incomplete mode parameter data
[    4.903687] sd 2:0:0:0: [sda] Assuming drive cache: write through
[    4.903762] sd 2:0:1:0: [sdb] Write Protect is off
[    4.910416] sd 2:0:1:0: [sdb] Incomplete mode parameter data
[    4.911524]  sda: sda1
[    4.912972] sd 2:0:1:0: [sdb] Assuming drive cache: write through
[    4.919459] sd 2:0:0:0: [sda] Attached SCSI disk
[    4.924578] sd 2:0:1:0: [sdb] Attached SCSI disk
Begin: Loading essential drivers ... [    6.716325] raid6: sse2x1   gen()  8656 MB/s
[    6.764053] raid6: sse2x1   xor()  6108 MB/s
[    6.812065] raid6: sse2x2   gen() 10227 MB/s
[    6.860190] raid6: sse2x2   xor()  6391 MB/s
[    6.908526] raid6: sse2x4   gen() 12616 MB/s
[    6.956420] raid6: sse2x4   xor()  7211 MB/s
[    7.004448] raid6: avx2x1   gen() 17695 MB/s
[    7.052035] raid6: avx2x1   xor() 12694 MB/s
[    7.100323] raid6: avx2x2   gen() 19307 MB/s
[    7.148162] raid6: avx2x2   xor()  9231 MB/s
[    7.196368] raid6: avx2x4   gen() 21640 MB/s
[    7.248064] raid6: avx2x4   xor()  6121 MB/s
[    7.249740] raid6: using algorithm avx2x4 gen() 21640 MB/s
[    7.251640] raid6: .... xor() 6121 MB/s, rmw enabled
[    7.253385] raid6: using avx2x2 recovery algorithm
[    7.258025] xor: automatically using best checksumming function   avx       
[    7.263390] async_tx: api initialized (async)
done.
Begin: Running /scripts/init-premount ... done.
Begin: Mounting root file system ... Begin: Running /scripts/local-top ... done.
Begin: Running /scripts/local-premount ... [    7.430522] Btrfs loaded, crc32c=crc32c-intel
Scanning for Btrfs filesystems
done.
Warning: fsck not present, so skipping root file system
[    7.506023] EXT4-fs (sda1): mounted filesystem with ordered data mode. Opts: (null)
done.
Begin: Running /scripts/local-bottom ... done.
Begin: Running /scripts/init-bottom ... done.
[    7.755435] ip_tables: (C) 2000-2006 Netfilter Core Team
[    7.774422] systemd[1]: systemd 237 running in system mode. (+PAM +AUDIT +SELINUX +IMA +APPARMOR +SMACK +SYSVINIT +UTMP +LIBCRYPTSETUP +GCRYPT +GNUTLS +ACL +XZ +LZ4 +SECCOMP +BLKID +ELFUTILS +KMOD -IDN2 +IDN -PCRE2 default-hierarchy=hybrid)
[    7.782289] systemd[1]: Detected virtualization oracle.
[    7.783816] systemd[1]: Detected architecture x86-64.

Welcome to [1mUbuntu 18.04.3 LTS[0m!

[    7.794243] systemd[1]: Set hostname to <ubuntu>.
[    7.804147] systemd[1]: Initializing machine ID from random generator.
[    7.807052] systemd[1]: Installed transient /etc/machine-id file.
[    8.214278] systemd[1]: Created slice System Slice.
[[0;32m  OK  [0m] Created slice System Slice.
[    8.216926] systemd[1]: Reached target User and Group Name Lookups.
[[0;32m  OK  [0m] Reached target User and Group Name Lookups.
[    8.220769] systemd[1]: Reached target Swap.
[[0;32m  OK  [0m] Reached target Swap.
[    8.222683] systemd[1]: Started Forward Password Requests to Wall Directory Watch.
[[0;32m  OK  [0m] Started Forward Password Requests to Wall Directory Watch.
[[0;32m  OK  [0m] Listening on Device-mapper event daemon FIFOs.
[[0;32m  OK  [0m] Created slice User and Session Slice.
[[0;32m  OK  [0m] Reached target System Time Synchronized.
[[0;32m  OK  [0m] Listening on udev Control Socket.
[[0;32m  OK  [0m] Set up automount Arbitrary Executab…rmats File System Automount Point.
[[0;32m  OK  [0m] Listening on Syslog Socket.
[[0;32m  OK  [0m] Listening on Journal Audit Socket.
[[0;32m  OK  [0m] Listening on udev Kernel Socket.
[[0;32m  OK  [0m] Listening on LVM2 metadata daemon socket.
[[0;32m  OK  [0m] Listening on Journal Socket (/dev/log).
[[0;32m  OK  [0m] Listening on LVM2 poll daemon socket.
[[0;32m  OK  [0m] Listening on Journal Socket.
         Starting udev Coldplug all Devices...
         Starting Load Kernel Modules...
         Starting Create list of required st…ce nodes for the current kernel...
         Mounting Huge Pages File System...
         Starting Set the console keyboard layout...
         Starting Uncomplicated firewall...
         Starting Remount Root and Kernel File Systems...
         Starting Monitoring of LVM2 mirrors…ng dmeventd or progress polling...
[    8.310859] Loading iSCSI transport class v2.0-870.
[    8.319785] iscsi: registered transport (tcp)
[    8.343184] iscsi: registered transport (iser)
         Mounting Kernel Debug File System...
[[0;32m  OK  [0m] Created slice system-serial\x2dgetty.slice.
         Starting Journal Service...
[[0;32m  OK  [0m] Listening on /dev/initctl Compatibility Named Pipe.
         Mounting POSIX Message Queue File System...
[    8.432902] EXT4-fs (sda1): re-mounted. Opts: (null)
[[0;32m  OK  [0m] Reached target Slices.
[[0;32m  OK  [0m] Listening on Network Service Netlink Socket.
[[0;32m  OK  [0m] Started Load Kernel Modules.
[[0;32m  OK  [0m] Started Create list of required sta…vice nodes for the current kernel.
[[0;32m  OK  [0m] Mounted Huge Pages File System.
[[0;32m  OK  [0m] Started Uncomplicated firewall.
[[0;32m  OK  [0m] Started Remount Root and Kernel File Systems.
[[0;32m  OK  [0m] Mounted Kernel Debug File System.
[[0;32m  OK  [0m] Mounted POSIX Message Queue File System.
[[0;32m  OK  [0m] Started LVM2 metadata daemon.
         Starting Load/Save Random Seed...
         Starting Create Static Device Nodes in /dev...
         Mounting Kernel Configuration File System...
         Starting Apply Kernel Variables...
         Mounting FUSE Control File System...
[[0;32m  OK  [0m] Started udev Coldplug all Devices.
[[0;32m  OK  [0m] Started Monitoring of LVM2 mirrors,…sing dmeventd or progress polling.
[[0;32m  OK  [0m] Started Load/Save Random Seed.
[[0;32m  OK  [0m] Mounted Kernel Configuration File System.
[[0;32m  OK  [0m] Mounted FUSE Control File System.
[[0;32m  OK  [0m] Started Journal Service.
         Starting Flush Journal to Persistent Storage...
[[0;32m  OK  [0m] Started Apply Kernel Variables.
[[0;32m  OK  [0m] Started Create Static Device Nodes in /dev.
         Starting udev Kernel Device Manager...
[[0;32m  OK  [0m] Started Set the console keyboard layout.
[[0;32m  OK  [0m] Reached target Local File Systems (Pre).
[[0;32m  OK  [0m] Reached target Local File Systems.
         Starting Commit a transient machine-id on disk...
         Starting Set console font and keymap...
         Starting ebtables ruleset management...
         Starting Tell Plymouth To Write Out Runtime Data...
         Starting AppArmor initialization...
[[0;32m  OK  [0m] Started udev Kernel Device Manager.
[[0;32m  OK  [0m] Started Set console font and keymap.
[[0;32m  OK  [0m] Started Dispatch Password Requests to Console Directory Watch.
[[0;32m  OK  [0m] Reached target Local Encrypted Volumes.
[[0;32m  OK  [0m] Started Flush Journal to Persistent Storage.
         Starting Create Volatile Files and Directories...
[[0;32m  OK  [0m] Started Tell Plymouth To Write Out Runtime Data.
[[0;32m  OK  [0m] Started Create Volatile Files and Directories.
         Starting Update UTMP about System Boot/Shutdown...
[[0;32m  OK  [0m] Started Commit a transient machine-id on disk.
[[0;32m  OK  [0m] Started Update UTMP about System Boot/Shutdown.
[[0;32m  OK  [0m] Started ebtables ruleset management.
[[0;32m  OK  [0m] Found device /dev/ttyS0.
[[0;32m  OK  [0m] Listening on Load/Save RF Kill Switch Status /dev/rfkill Watch.
[[0;32m  OK  [0m] Started AppArmor initialization.
         Starting Initial cloud-init job (pre-networking)...
[   13.376234] cloud-init[538]: Cloud-init v. 19.2-36-g059d049c-0ubuntu1~18.04.1 running 'init-local' at Tue, 29 Oct 2019 00:13:31 +0000. Up 12.76 seconds.
[[0;32m  OK  [0m] Started Initial cloud-init job (pre-networking).
[[0;32m  OK  [0m] Reached target Network (Pre).
         Starting Network Service...
[[0;32m  OK  [0m] Started Network Service.
         Starting Network Name Resolution...
         Starting Wait for Network to be Configured...
[[0;32m  OK  [0m] Started Network Name Resolution.
[[0;32m  OK  [0m] Reached target Host and Network Name Lookups.
[[0;32m  OK  [0m] Reached target Network.
[[0;32m  OK  [0m] Started Wait for Network to be Configured.
         Starting Initial cloud-init job (metadata service crawler)...
[   15.634146] cloud-init[647]: Cloud-init v. 19.2-36-g059d049c-0ubuntu1~18.04.1 running 'init' at Tue, 29 Oct 2019 00:13:33 +0000. Up 15.30 seconds.
[   15.637464] cloud-init[647]: ci-info: ++++++++++++++++++++++++++++++++++++++Net device info++++++++++++++++++++++++++++++++++++++
[   15.642046] cloud-init[647]: ci-info: +--------+------+----------------------------+---------------+--------+-------------------+
[   15.648167] cloud-init[647]: ci-info: | Device |  Up  |          Address           |      Mask     | Scope  |     Hw-Address    |
[   15.650713] cloud-init[647]: ci-info: +--------+------+----------------------------+---------------+--------+-------------------+
[   15.654156] cloud-init[647]: ci-info: | enp0s3 | True |         10.0.2.15          | 255.255.255.0 | global | 02:82:7a:7b:51:94 |
[   15.664451] cloud-init[647]: ci-info: | enp0s3 | True | fe80::82:7aff:fe7b:5194/64 |       .       |  link  | 02:82:7a:7b:51:94 |
[   15.666518] cloud-init[647]: ci-info: |   lo   | True |         127.0.0.1          |   255.0.0.0   |  host  |         .         |
[   15.669132] cloud-init[647]: ci-info: |   lo   | True |          ::1/128           |       .       |  host  |         .         |
[   15.671923] cloud-init[647]: ci-info: +--------+------+----------------------------+---------------+--------+-------------------+
[   15.675138] cloud-init[647]: ci-info: ++++++++++++++++++++++++++++Route IPv4 info+++++++++++++++++++++++++++++
[   15.678595] cloud-init[647]: ci-info: +-------+-------------+----------+-----------------+-----------+-------+
[   15.680804] cloud-init[647]: ci-info: | Route | Destination | Gateway  |     Genmask     | Interface | Flags |
[   15.692293] cloud-init[647]: ci-info: +-------+-------------+----------+-----------------+-----------+-------+
[   15.694680] cloud-init[647]: ci-info: |   0   |   0.0.0.0   | 10.0.2.2 |     0.0.0.0     |   enp0s3  |   UG  |
[   15.696393] cloud-init[647]: ci-info: |   1   |   10.0.2.0  | 0.0.0.0  |  255.255.255.0  |   enp0s3  |   U   |
[   15.698045] cloud-init[647]: ci-info: |   2   |   10.0.2.2  | 0.0.0.0  | 255.255.255.255 |   enp0s3  |   UH  |
[   15.699641] cloud-init[647]: ci-info: +-------+-------------+----------+-----------------+-----------+-------+
[   15.701708] cloud-init[647]: ci-info: +++++++++++++++++++Route IPv6 info+++++++++++++++++++
[   15.703487] cloud-init[647]: ci-info: +-------+-------------+---------+-----------+-------+
[   15.705070] cloud-init[647]: ci-info: | Route | Destination | Gateway | Interface | Flags |
[   15.707114] cloud-init[647]: ci-info: +-------+-------------+---------+-----------+-------+
[   15.709667] cloud-init[647]: ci-info: |   1   |  fe80::/64  |    ::   |   enp0s3  |   U   |
[   15.711868] cloud-init[647]: ci-info: |   3   |    local    |    ::   |   enp0s3  |   U   |
[   15.713422] cloud-init[647]: ci-info: |   4   |   ff00::/8  |    ::   |   enp0s3  |   U   |
[   15.715166] cloud-init[647]: ci-info: +-------+-------------+---------+-----------+-------+
[   18.067536] cloud-init[647]: Generating public/private rsa key pair.
[   18.068257] cloud-init[647]: Your identification has been saved in /etc/ssh/ssh_host_rsa_key.
[   18.069169] cloud-init[647]: Your public key has been saved in /etc/ssh/ssh_host_rsa_key.pub.
[   18.069940] cloud-init[647]: The key fingerprint is:
[   18.070575] cloud-init[647]: SHA256:WB7nuHyKkt+gVVJgfwFeWfzHWJc3tRRY+/AOUTvl5AU root@ubuntu-bionic
[   18.072648] cloud-init[647]: The key's randomart image is:
[   18.073181] cloud-init[647]: +---[RSA 2048]----+
[   18.073933] cloud-init[647]: |      o ..o+. E=X|
[   18.074678] cloud-init[647]: |     . + ......BX|
[   18.075445] cloud-init[647]: |        * o  .oO*|
[   18.084358] cloud-init[647]: |       = *    o+=|
[   18.096796] cloud-init[647]: |      o S .   ..o|
[   18.112886] cloud-init[647]: |       + .     o |
[   18.119269] cloud-init[647]: |     .o o .     .|
[   18.128936] cloud-init[647]: |    oo + o       |
[   18.132142] cloud-init[647]: |    .oo o        |
[   18.135537] cloud-init[647]: +----[SHA256]-----+
[   18.139793] cloud-init[647]: Generating public/private dsa key pair.
[   18.143225] cloud-init[647]: Your identification has been saved in /etc/ssh/ssh_host_dsa_key.
[   18.146994] cloud-init[647]: Your public key has been saved in /etc/ssh/ssh_host_dsa_key.pub.
[   18.149368] cloud-init[647]: The key fingerprint is:
[   18.150315] cloud-init[647]: SHA256:YTQaRT/HjMlF0VAAXRS9nAJ05XzFNUqVcSN0uZUP2N8 root@ubuntu-bionic
[   18.151878] cloud-init[647]: The key's randomart image is:
[   18.152806] cloud-init[647]: +---[DSA 1024]----+
[   18.153661] cloud-init[647]: |      .o= o=B/B@X|
[   18.154537] cloud-init[647]: |       + + B= X+O|
[   18.164356] cloud-init[647]: |      . o * =..=O|
[   18.165480] cloud-init[647]: |       . . o . =E|
[   18.166674] cloud-init[647]: |        S     .  |
[   18.180653] cloud-init[647]: |                 |
[   18.181961] cloud-init[647]: |                 |
[   18.192548] cloud-init[647]: |                 |
[   18.193536] cloud-init[647]: |                 |
[   18.194438] cloud-init[647]: +----[SHA256]-----+
[   18.195309] cloud-init[647]: Generating public/private ecdsa key pair.
[   18.196451] cloud-init[647]: Your identification has been saved in /etc/ssh/ssh_host_ecdsa_key.
[   18.197903] cloud-init[647]: Your public key has been saved in /etc/ssh/ssh_host_ecdsa_key.pub.
[   18.199414] cloud-init[647]: The key fingerprint is:
[   18.208408] cloud-init[647]: SHA256:PKvXccrprPkCPXulX9sX+L1mGe2adjoGTXKg2uBLoQI root@ubuntu-bionic
[   18.210869] cloud-init[647]: The key's randomart image is:
[   18.211887] cloud-init[647]: +---[ECDSA 256]---+
[   18.212777] cloud-init[647]: |                 |
[   18.213667] cloud-init[647]: |            .    |
[[0;32m  OK  [0m] Started Initial cloud-init job (metadata service crawler).
[[0;32m  OK  [0m] Reached target Cloud-config availability.
[[0;32m  OK  [0m] Reached target Network is Online.
[   18.231229] cloud-init[647]: |           . .   |
[   18.234927] cloud-init[647]: |  E    .o . . o  |
[   18.236352] cloud-init[647]: |   .   +S=   =. .|
[   18.237751] cloud-init[647]: |    . o *oo +..o.|
[   18.238645] cloud-init[647]: |     . o.* B .o.=|
[   18.248712] cloud-init[647]: |       .=oB  .+O=|
[[0;32m  OK  [0m] Reached target Remote File Systems (Pre).
[[0;32m  OK  [0m] Reached target Remote File Systems.
[   18.252226] cloud-init[647]: |      ..o*+..oB*+|
[   18.255978] cloud-init[647]: +----[SHA256]-----+
[   18.258897] cloud-init[647]: Generating public/private ed25519 key pair.
         Starting Availability of block devices...
[[0;32m  OK  [0m] Reached target System Initialization.
[[0;32m  OK  [0m] Listening on D-Bus System Message Bus Socket.
[   18.275378] cloud-init[[0;32m  OK  [0m] Started Message of the Day.
[647]: Your identification has been saved in /etc/ssh/ssh_host_ed25519_key.
[[0;32m  OK  [0m] Started ACPI Events Check.
[[0;32m  OK  [0m] Listening on UUID daemon activation socket.
[[0;32m  OK  [0m] Started Daily Cleanup of Temporary Directories.
[   18.281631] cloud-init[647]: Your public key has been saved in /etc/ssh/ssh_host_ed25519_key.pub.         Starting Socket activation for snappy daemon.
[[0;32m  OK  [0m] Listening on ACPID Listen Socket.
[[0;32m  OK  [0m] Reached target Paths.

[[0;32m  OK  [0m] Started Daily apt download activities.
[   18.289176] [[0;32m  OK  [0m] Started Daily apt upgrade and clean activities.
cloud-init[647]: The key fingerprint is:
[   18.296617] cloud-init[647]: SHA256:qNo2jDkMfyAQw+XQMgFMYzSNtFg9W4uPxYRzDNaMyIQ root@ubuntu-bionic
         Starting LXD - unix socket.
[   18.301564] [[0;32m  OK  [0m] Listening on Open-iSCSI iscsid Socket.
[[0;32m  OK  [0m] Started Discard unused blocks once a week.
[[0;32m  OK  [0m] Reached target Timers.
cloud-init[647]: The key's randomart image is:[[0;32m  OK  [0m] Started Availability of block devices.
[[0;32m  OK  [0m] Listening on Socket activation for snappy daemon.

[[0;32m  OK  [0m] Listening on LXD - unix socket.
[[0;32m  OK  [0m] Reached target Sockets.
[[0;32m  OK  [0m] Reached target Basic System.
[   18.311278] cloud-init[647]: [[0;32m  OK  [0m] Started D-Bus System Message Bus.
+--[ED25519 256]--+
[   18.314609] cloud-init[647]: |O&O+oB           |
[   18.316292] cloud-init[647]: |EBO+* B          |
[   18.317159] cloud-init[647]: |.+o. X .         |
[   18.319991] cloud-init[647]: |.   o +.         |
[   18.332425] cloud-init[647]: |.    +. S        |
[   18.333479] cloud-init[647]: |o . ...          |
[   18.334224] cloud-init[647]: | = =.            |
[   18.344538] cloud-init[647]: |  *o=            |
[   18.347264] cloud-init[647]: |  .+..           |
[   18.348907] cloud-init[647]: +----[SHA256]-----+
[[0;32m  OK  [0m] Started irqbalance daemon.
         Starting System Logging Service...
[[0;32m  OK  [0m] Started Regular background program processing daemon.
         Starting Login Service...
         Starting Snappy daemon...
         Starting Virtualbox guest utils...
         Starting LSB: Record successful boot for GRUB...
         Starting Dispatcher daemon for systemd-networkd...
         Starting Pollinate to seed the pseudo random number generator...
         Starting Permit User Sessions...
         Starting LSB: automatic crash report generation...
[[0;32m  OK  [0m] Started Deferred execution scheduler.
         Starting LXD - container startup/shutdown...
[[0;32m  OK  [0m] Started FUSE filesystem for LXC.
         Starting Accounts Service...
[[0;32m  OK  [0m] Started System Logging Service.
[[0;32m  OK  [0m] Started Login Service.
[[0;32m  OK  [0m] Started Unattended Upgrades Shutdown.
[[0;32m  OK  [0m] Started Permit User Sessions.
         Starting Hold until boot process finishes up...
         Starting Terminate Plymouth Boot Screen...
[[0;32m  OK  [0m] Started Hold until boot process finishes up.
[[0;32m  OK  [0m] Started Serial Getty on ttyS0.
         Starting Set console scheme...
[[0;32m  OK  [0m] Started Terminate Plymouth Boot Screen.
[[0;32m  OK  [0m] Started Set console scheme.
[[0;32m  OK  [0m] Created slice system-getty.slice.
[[0;32m  OK  [0m] Started Getty on tty1.
[[0;32m  OK  [0m] Reached target Login Prompts.
         Starting Authorization Manager...
[[0;32m  OK  [0m] Started LSB: automatic crash report generation.
[[0;32m  OK  [0m] Started LSB: Record successful boot for GRUB.
[[0;32m  OK  [0m] Started Authorization Manager.
[[0;32m  OK  [0m] Started Accounts Service.
[[0;32m  OK  [0m] Started Virtualbox guest utils.
[[0;32m  OK  [0m] Started LXD - container startup/shutdown.
[[0;32m  OK  [0m] Started Dispatcher daemon for systemd-networkd.
[[0;32m  OK  [0m] Started Snappy daemon.
         Starting Wait until snapd is fully seeded...
[[0;32m  OK  [0m] Started Pollinate to seed the pseudo random number generator.
         Starting OpenBSD Secure Shell server...
[[0;32m  OK  [0m] Started OpenBSD Secure Shell server.
[[0;32m  OK  [0m] Created slice User Slice of vagrant.
         Starting User Manager for UID 1000...
[[0;32m  OK  [0m] Started Session 1 of user vagrant.
[[0;32m  OK  [0m] Started User Manager for UID 1000.

Ubuntu 18.04.3 LTS ubuntu-bionic ttyS0

ubuntu-bionic login: [   25.622437] cloud-init[1199]: Cloud-init v. 19.2-36-g059d049c-0ubuntu1~18.04.1 running 'modules:config' at Tue, 29 Oct 2019 00:13:43 +0000. Up 24.78 seconds.
ci-info: no authorized ssh keys fingerprints found for user ubuntu.
<14>Oct 29 00:13:45 ec2: 
<14>Oct 29 00:13:45 ec2: #############################################################
<14>Oct 29 00:13:45 ec2: -----BEGIN SSH HOST KEY FINGERPRINTS-----
<14>Oct 29 00:13:45 ec2: 1024 SHA256:YTQaRT/HjMlF0VAAXRS9nAJ05XzFNUqVcSN0uZUP2N8 root@ubuntu-bionic (DSA)
<14>Oct 29 00:13:45 ec2: 256 SHA256:PKvXccrprPkCPXulX9sX+L1mGe2adjoGTXKg2uBLoQI root@ubuntu-bionic (ECDSA)
<14>Oct 29 00:13:45 ec2: 256 SHA256:qNo2jDkMfyAQw+XQMgFMYzSNtFg9W4uPxYRzDNaMyIQ root@ubuntu-bionic (ED25519)
<14>Oct 29 00:13:45 ec2: 2048 SHA256:WB7nuHyKkt+gVVJgfwFeWfzHWJc3tRRY+/AOUTvl5AU root@ubuntu-bionic (RSA)
<14>Oct 29 00:13:45 ec2: -----END SSH HOST KEY FINGERPRINTS-----
<14>Oct 29 00:13:45 ec2: #############################################################
-----BEGIN SSH HOST KEY KEYS-----
ecdsa-sha2-nistp256 AAAAE2VjZHNhLXNoYTItbmlzdHAyNTYAAAAIbmlzdHAyNTYAAABBBLQYZ5or7Ktcb25+5x+82n2cXooUnLgWXjnyUyYjV/CciCx5hpaAUS6Do4sDDCdFPIjOH2chITpe6l+snrPDABg= root@ubuntu-bionic
ssh-ed25519 AAAAC3NzaC1lZDI1NTE5AAAAII/OgtqHo4JDUo4FiOp7daMmkwuoF5K8LSOgvmZwFkF9 root@ubuntu-bionic
ssh-rsa AAAAB3NzaC1yc2EAAAADAQABAAABAQDZi9mcxp2/HbNp93n7VuQ5xJz3g2QQlCTX4j6w7jmcZ1wtg7RRCUFpZvO6mGt5yDWh+yUPNcBZvs4DK/l7q2KXxyz/V2kOOQmTEVNDH7+xTc/ianPsttpQS5RdMEY90qd/nktagcj2KV90HBL4FmF83J0Ty3AEPPN8YO9/qbVr5PVJ/Ig28QGSVXbClkASSHOEgTK1nQiDu++1cnSF1CYC1wyfStzytkm+OwDy//QuddxjGy1Mrc9+G4Srq4pl3Pl7ApcVGq1aCfl5bBCPplAoxl+r3Pdo8115adQA+uwpIaGu23plyVxwSH5HpKzzhjeWFEDDPj8acd56d//oH4QN root@ubuntu-bionic
-----END SSH HOST KEY KEYS-----
[   26.903809] cloud-init[1346]: Cloud-init v. 19.2-36-g059d049c-0ubuntu1~18.04.1 running 'modules:final' at Tue, 29 Oct 2019 00:13:45 +0000. Up 26.60 seconds.
[   26.906362] cloud-init[1346]: ci-info: no authorized ssh keys fingerprints found for user ubuntu.
[   26.907509] cloud-init[1346]: Cloud-init v. 19.2-36-g059d049c-0ubuntu1~18.04.1 finished at Tue, 29 Oct 2019 00:13:45 +0000. Datasource DataSourceNoCloud [seed=/dev/sdb][dsmode=net].  Up 26.87 seconds
